# JRE version: OpenJDK Runtime Environment Microsoft-8035246 (17.0.8+7) (build 17.0.8+7-LTS)
# Java VM: OpenJDK 64-Bit Server VM Microsoft-8035246 (17.0.8+7-LTS, mixed mode, sharing, tiered, compressed oops, compressed class ptrs, g1 gc, windows-amd64)
GC Precious Log:
 CPUs: 4 total, 4 available
 Memory: 7948M
 Large Page Support: Disabled
 NUMA Support: Disabled
 Compressed Oops: Enabled (32-bit)
 Heap Region Size: 1M
 Heap Min Capacity: 8M
 Heap Initial Capacity: 126M
 Heap Max Capacity: 1988M
 Pre-touch: Disabled
 Parallel Workers: 4
 Concurrent Workers: 1
 Concurrent Refinement Workers: 4
 Periodic GC: Disabled
Heap:
 garbage-first heap   total 129024K, used 60227K [0x0000000083c00000, 0x0000000100000000)
  region size 1024K, 50 young (51200K), 2 survivors (2048K)
 Metaspace       used 18272K, committed 18496K, reserved 1114112K
  class space    used 2410K, committed 2496K, reserved 1048576K
GC Heap History (6 events):
Event: 0.244 GC heap before
{Heap before GC invocations=0 (full 0):
 garbage-first heap   total 129024K, used 14336K [0x0000000083c00000, 0x0000000100000000)
  region size 1024K, 13 young (13312K), 0 survivors (0K)
 Metaspace       used 1947K, committed 2048K, reserved 1114112K
  class space    used 182K, committed 192K, reserved 1048576K
}
Event: 0.253 GC heap after
{Heap after GC invocations=1 (full 0):
 garbage-first heap   total 129024K, used 9400K [0x0000000083c00000, 0x0000000100000000)
  region size 1024K, 2 young (2048K), 2 survivors (2048K)
 Metaspace       used 1947K, committed 2048K, reserved 1114112K
  class space    used 182K, committed 192K, reserved 1048576K
}
Event: 0.438 GC heap before
{Heap before GC invocations=1 (full 0):
 garbage-first heap   total 129024K, used 16568K [0x0000000083c00000, 0x0000000100000000)
  region size 1024K, 10 young (10240K), 2 survivors (2048K)
 Metaspace       used 3700K, committed 3904K, reserved 1114112K
  class space    used 393K, committed 512K, reserved 1048576K
}
Event: 0.440 GC heap after
{Heap after GC invocations=2 (full 0):
 garbage-first heap   total 129024K, used 11959K [0x0000000083c00000, 0x0000000100000000)
  region size 1024K, 2 young (2048K), 2 survivors (2048K)
 Metaspace       used 3700K, committed 3904K, reserved 1114112K
  class space    used 393K, committed 512K, reserved 1048576K
}
Event: 0.769 GC heap before
{Heap before GC invocations=2 (full 0):
 garbage-first heap   total 129024K, used 27319K [0x0000000083c00000, 0x0000000100000000)
  region size 1024K, 17 young (17408K), 2 survivors (2048K)
 Metaspace       used 7969K, committed 8192K, reserved 1114112K
  class space    used 976K, committed 1088K, reserved 1048576K
}
Event: 0.772 GC heap after
{Heap after GC invocations=3 (full 0):
 garbage-first heap   total 129024K, used 13123K [0x0000000083c00000, 0x0000000100000000)
  region size 1024K, 2 young (2048K), 2 survivors (2048K)
 Metaspace       used 7969K, committed 8192K, reserved 1114112K
  class space    used 976K, committed 1088K, reserved 1048576K
}

